2022-08-13 22:36:37.895 INFO Logging directory: ./tune_tmp\logs
2022-08-13 22:36:37.898 INFO Logging directory: ./tune_tmp\logs
2022-08-13 22:36:37.899 INFO Working directory: ./tune_tmp
2022-08-13 22:36:37.899 INFO Creating JSONDatabase. Workload at: ./tune_tmp\database_workload.json. Tuning records at: ./tune_tmp\database_tuning_record.json
2022-08-13 22:36:37.901 INFO LocalBuilder: max_workers = 16
2022-08-13 22:36:38.831 INFO LocalRunner: max_workers = 1
2022-08-13 22:36:39.651 INFO Initializing Task #0: "main"
2022-08-13 22:36:39.696 INFO 
 ID | Name |    FLOP | Weight | Speed (GFLOPS) | Latency (us) | Weighted Latency (us) | Trials | Terminated 
------------------------------------------------------------------------------------------------------------
  0 | main | 4194304 |      1 |            N/A |          N/A |                   N/A |      0 |            
------------------------------------------------------------------------------------------------------------
Total trials: 0
Total latency (us): 0

2022-08-13 22:36:39.697 INFO Scheduler picks Task #0: "main"
2022-08-13 22:36:42.007 INFO Sending 5 sample(s) to builder
2022-08-13 22:36:43.120 INFO Sending 5 sample(s) to runner
2022-08-13 22:36:57.369 INFO Logging directory: ./tune_tmp\logs
2022-08-13 22:36:57.372 INFO Logging directory: ./tune_tmp\logs
2022-08-13 22:36:57.373 INFO Working directory: ./tune_tmp
2022-08-13 22:36:57.374 INFO Creating JSONDatabase. Workload at: ./tune_tmp\database_workload.json. Tuning records at: ./tune_tmp\database_tuning_record.json
